Line 147: Class MSAdodcLib.Adodc of control Adodc1 was not a loaded control class.
Line 153: The property name _ExtentX in Adodc1 is invalid.
Line 154: The property name _ExtentY in Adodc1 is invalid.
Line 155: The property name ConnectMode in Adodc1 is invalid.
Line 156: The property name CursorLocation in Adodc1 is invalid.
Line 157: The property name IsolationLevel in Adodc1 is invalid.
Line 158: The property name ConnectionTimeout in Adodc1 is invalid.
Line 159: The property name CommandTimeout in Adodc1 is invalid.
Line 160: The property name CursorType in Adodc1 is invalid.
Line 161: The property name LockType in Adodc1 is invalid.
Line 162: The property name CommandType in Adodc1 is invalid.
Line 163: The property name CursorOptions in Adodc1 is invalid.
Line 164: The property name CacheSize in Adodc1 is invalid.
Line 165: The property name MaxRecords in Adodc1 is invalid.
Line 166: The property name BOFAction in Adodc1 is invalid.
Line 167: The property name EOFAction in Adodc1 is invalid.
Line 168: The property name ConnectStringType in Adodc1 is invalid.
Line 172: The property name Orientation in Adodc1 is invalid.
Line 174: The property name Connect in Adodc1 is invalid.
Line 175: The property name OLEDBString in Adodc1 is invalid.
Line 176: The property name OLEDBFile in Adodc1 is invalid.
Line 177: The property name DataSourceName in Adodc1 is invalid.
Line 178: The property name OtherAttributes in Adodc1 is invalid.
Line 179: The property name UserName in Adodc1 is invalid.
Line 180: The property name Password in Adodc1 is invalid.
Line 181: The property name RecordSource in Adodc1 is invalid.
Line 182: The property name Caption in Adodc1 is invalid.
Line 192: The property name _Version in Adodc1 is invalid.
