Line 13: Class MSAdodcLib.Adodc of control Adodc2 was not a loaded control class.
Line 59: Class MSAdodcLib.Adodc of control Adodc1 was not a loaded control class.
Line 18: The property name _ExtentX in Adodc2 is invalid.
Line 19: The property name _ExtentY in Adodc2 is invalid.
Line 20: The property name ConnectMode in Adodc2 is invalid.
Line 21: The property name CursorLocation in Adodc2 is invalid.
Line 22: The property name IsolationLevel in Adodc2 is invalid.
Line 23: The property name ConnectionTimeout in Adodc2 is invalid.
Line 24: The property name CommandTimeout in Adodc2 is invalid.
Line 25: The property name CursorType in Adodc2 is invalid.
Line 26: The property name LockType in Adodc2 is invalid.
Line 27: The property name CommandType in Adodc2 is invalid.
Line 28: The property name CursorOptions in Adodc2 is invalid.
Line 29: The property name CacheSize in Adodc2 is invalid.
Line 30: The property name MaxRecords in Adodc2 is invalid.
Line 31: The property name BOFAction in Adodc2 is invalid.
Line 32: The property name EOFAction in Adodc2 is invalid.
Line 33: The property name ConnectStringType in Adodc2 is invalid.
Line 37: The property name Orientation in Adodc2 is invalid.
Line 39: The property name Connect in Adodc2 is invalid.
Line 40: The property name OLEDBString in Adodc2 is invalid.
Line 41: The property name OLEDBFile in Adodc2 is invalid.
Line 42: The property name DataSourceName in Adodc2 is invalid.
Line 43: The property name OtherAttributes in Adodc2 is invalid.
Line 44: The property name UserName in Adodc2 is invalid.
Line 45: The property name Password in Adodc2 is invalid.
Line 46: The property name RecordSource in Adodc2 is invalid.
Line 47: The property name Caption in Adodc2 is invalid.
Line 57: The property name _Version in Adodc2 is invalid.
Line 65: The property name _ExtentX in Adodc1 is invalid.
Line 66: The property name _ExtentY in Adodc1 is invalid.
Line 67: The property name ConnectMode in Adodc1 is invalid.
Line 68: The property name CursorLocation in Adodc1 is invalid.
Line 69: The property name IsolationLevel in Adodc1 is invalid.
Line 70: The property name ConnectionTimeout in Adodc1 is invalid.
Line 71: The property name CommandTimeout in Adodc1 is invalid.
Line 72: The property name CursorType in Adodc1 is invalid.
Line 73: The property name LockType in Adodc1 is invalid.
Line 74: The property name CommandType in Adodc1 is invalid.
Line 75: The property name CursorOptions in Adodc1 is invalid.
Line 76: The property name CacheSize in Adodc1 is invalid.
Line 77: The property name MaxRecords in Adodc1 is invalid.
Line 78: The property name BOFAction in Adodc1 is invalid.
Line 79: The property name EOFAction in Adodc1 is invalid.
Line 80: The property name ConnectStringType in Adodc1 is invalid.
Line 84: The property name Orientation in Adodc1 is invalid.
Line 86: The property name Connect in Adodc1 is invalid.
Line 87: The property name OLEDBString in Adodc1 is invalid.
Line 88: The property name OLEDBFile in Adodc1 is invalid.
Line 89: The property name DataSourceName in Adodc1 is invalid.
Line 90: The property name OtherAttributes in Adodc1 is invalid.
Line 91: The property name UserName in Adodc1 is invalid.
Line 92: The property name Password in Adodc1 is invalid.
Line 93: The property name RecordSource in Adodc1 is invalid.
Line 94: The property name Caption in Adodc1 is invalid.
Line 104: The property name _Version in Adodc1 is invalid.
