Line 14: Class WMPLibCtl.WindowsMediaPlayer of control WindowsMediaPlayer1 was not a loaded control class.
Line 20: The property name URL in WindowsMediaPlayer1 is invalid.
Line 21: The property name rate in WindowsMediaPlayer1 is invalid.
Line 22: The property name balance in WindowsMediaPlayer1 is invalid.
Line 23: The property name currentPosition in WindowsMediaPlayer1 is invalid.
Line 24: The property name defaultFrame in WindowsMediaPlayer1 is invalid.
Line 25: The property name playCount in WindowsMediaPlayer1 is invalid.
Line 26: The property name autoStart in WindowsMediaPlayer1 is invalid.
Line 27: The property name currentMarker in WindowsMediaPlayer1 is invalid.
Line 28: The property name invokeURLs in WindowsMediaPlayer1 is invalid.
Line 29: The property name baseURL in WindowsMediaPlayer1 is invalid.
Line 30: The property name volume in WindowsMediaPlayer1 is invalid.
Line 31: The property name mute in WindowsMediaPlayer1 is invalid.
Line 32: The property name uiMode in WindowsMediaPlayer1 is invalid.
Line 33: The property name stretchToFit in WindowsMediaPlayer1 is invalid.
Line 34: The property name windowlessVideo in WindowsMediaPlayer1 is invalid.
Line 36: The property name enableContextMenu in WindowsMediaPlayer1 is invalid.
Line 37: The property name fullScreen in WindowsMediaPlayer1 is invalid.
Line 38: The property name SAMIStyle in WindowsMediaPlayer1 is invalid.
Line 39: The property name SAMILang in WindowsMediaPlayer1 is invalid.
Line 40: The property name SAMIFilename in WindowsMediaPlayer1 is invalid.
Line 41: The property name captioningID in WindowsMediaPlayer1 is invalid.
Line 42: The property name enableErrorDialogs in WindowsMediaPlayer1 is invalid.
Line 43: The property name _cx in WindowsMediaPlayer1 is invalid.
Line 44: The property name _cy in WindowsMediaPlayer1 is invalid.
Line 20: The property name URL in WindowsMediaPlayer1 is invalid.
Line 21: The property name rate in WindowsMediaPlayer1 is invalid.
Line 22: The property name balance in WindowsMediaPlayer1 is invalid.
Line 23: The property name currentPosition in WindowsMediaPlayer1 is invalid.
Line 24: The property name defaultFrame in WindowsMediaPlayer1 is invalid.
Line 25: The property name playCount in WindowsMediaPlayer1 is invalid.
Line 26: The property name autoStart in WindowsMediaPlayer1 is invalid.
Line 27: The property name currentMarker in WindowsMediaPlayer1 is invalid.
Line 28: The property name invokeURLs in WindowsMediaPlayer1 is invalid.
Line 29: The property name baseURL in WindowsMediaPlayer1 is invalid.
Line 30: The property name volume in WindowsMediaPlayer1 is invalid.
Line 31: The property name mute in WindowsMediaPlayer1 is invalid.
Line 32: The property name uiMode in WindowsMediaPlayer1 is invalid.
Line 33: The property name stretchToFit in WindowsMediaPlayer1 is invalid.
Line 34: The property name windowlessVideo in WindowsMediaPlayer1 is invalid.
Line 36: The property name enableContextMenu in WindowsMediaPlayer1 is invalid.
Line 37: The property name fullScreen in WindowsMediaPlayer1 is invalid.
Line 38: The property name SAMIStyle in WindowsMediaPlayer1 is invalid.
Line 39: The property name SAMILang in WindowsMediaPlayer1 is invalid.
Line 40: The property name SAMIFilename in WindowsMediaPlayer1 is invalid.
Line 41: The property name captioningID in WindowsMediaPlayer1 is invalid.
Line 42: The property name enableErrorDialogs in WindowsMediaPlayer1 is invalid.
Line 43: The property name _cx in WindowsMediaPlayer1 is invalid.
Line 44: The property name _cy in WindowsMediaPlayer1 is invalid.
